<?xml version="1.0" encoding="UTF-8"?>
<!-- Generated by org.testng.reporters.JUnitReportReporter -->
<testsuite hostname="IN3208497W1" failures="0" tests="1" name="testCases.TestingFirstProgram" time="0.170" errors="0" timestamp="2023-09-06T14:45:48 IST" skipped="0">
  <testcase classname="testCases.TestingFirstProgram" name="loginToImavatar" time="0.170"/>
  <system-out/>
</testsuite> <!-- testCases.TestingFirstProgram -->
