<?xml version="1.0" encoding="UTF-8"?>
<!-- Generated by org.testng.reporters.JUnitReportReporter -->
<testsuite hostname="IN3371444W1" failures="0" tests="1" name="testCases.IndulekhaHomePageHeaderNavbar" time="18.534" errors="0" timestamp="2024-11-12T18:30:06 IST" skipped="0">
  <testcase classname="testCases.IndulekhaHomePageHeaderNavbar" name="verifyHeadernavigationLinks" time="18.534"/>
  <system-out/>
</testsuite> <!-- testCases.IndulekhaHomePageHeaderNavbar -->
