<?xml version="1.0" encoding="UTF-8"?>
<!-- Generated by org.testng.reporters.JUnitReportReporter -->
<testsuite hostname="IN3208497W1" failures="0" tests="1" name="testCases.LBP.BrokenLinksVerification" time="30.869" errors="0" timestamp="2024-08-08T16:18:34 IST" skipped="0">
  <testcase classname="testCases.LBP.BrokenLinksVerification" name="brokenLinksVerification" time="30.869"/>
</testsuite> <!-- testCases.LBP.BrokenLinksVerification -->
