<?xml version="1.0" encoding="UTF-8"?>
<!-- Generated by org.testng.reporters.JUnitReportReporter -->
<testsuite hostname="IN3371444W1" failures="0" tests="1" name="testCases.IndulekhaCheckoutFromCollection" time="88.265" errors="0" timestamp="2024-10-15T13:32:10 IST" skipped="0">
  <testcase classname="testCases.IndulekhaCheckoutFromCollection" name="verifyCheckoutFlowFromPDPPage" time="88.265"/>
  <system-out/>
</testsuite> <!-- testCases.IndulekhaCheckoutFromCollection -->
