<?xml version="1.0" encoding="UTF-8"?>
<!-- Generated by org.testng.reporters.JUnitReportReporter -->
<testsuite hostname="IN3208497W1" failures="0" tests="1" name="testCases.AllProductDataVerification" time="194.894" errors="0" timestamp="2024-03-19T23:06:10 IST" skipped="0">
  <testcase classname="testCases.AllProductDataVerification" name="verifyAllProductSection" time="194.894"/>
</testsuite> <!-- testCases.AllProductDataVerification -->
