<?xml version="1.0" encoding="UTF-8"?>
<!-- Generated by org.testng.reporters.JUnitReportReporter -->
<testsuite hostname="IN3208497W1" failures="0" tests="1" name="testCases.placeFirstOrder" time="65.745" errors="0" timestamp="2024-08-05T15:23:12 IST" skipped="0">
  <testcase classname="testCases.placeFirstOrder" name="placeFirstOrder" time="65.745"/>
</testsuite> <!-- testCases.placeFirstOrder -->
