<?xml version="1.0" encoding="UTF-8"?>
<!-- Generated by org.testng.reporters.JUnitReportReporter -->
<testsuite hostname="IN3371444W1" failures="0" tests="1" name="testCases.IndulekhaCheckoutFromHomePage" time="56.696" errors="0" timestamp="2024-08-26T16:27:08 IST" skipped="0">
  <testcase classname="testCases.IndulekhaCheckoutFromHomePage" name="verifyCheckoutFlowFromHomePage" time="56.696"/>
  <system-out/>
</testsuite> <!-- testCases.IndulekhaCheckoutFromHomePage -->
