<?xml version="1.0" encoding="UTF-8"?>
<!-- Generated by org.testng.reporters.JUnitReportReporter -->
<testsuite hostname="IN3208497W1" failures="0" tests="1" name="testCases.downloadInvoice" time="35.665" errors="0" timestamp="2023-11-02T12:43:24 IST" skipped="0">
  <testcase classname="testCases.downloadInvoice" name="testingDownloadInvoice" time="35.665"/>
  <system-out/>
</testsuite> <!-- testCases.downloadInvoice -->
