<?xml version="1.0" encoding="UTF-8"?>
<!-- Generated by org.testng.reporters.JUnitReportReporter -->
<testsuite hostname="IN3208497W1" failures="0" tests="1" name="testCases.shippingChargeVerification" time="53.285" errors="0" timestamp="2024-04-08T17:48:04 IST" skipped="0">
  <testcase classname="testCases.shippingChargeVerification" name="verifyShippingCharge" time="53.285"/>
</testsuite> <!-- testCases.shippingChargeVerification -->
