<?xml version="1.0" encoding="UTF-8"?>
<!-- Generated by org.testng.reporters.JUnitReportReporter -->
<testsuite hostname="IN3371444W1" failures="0" tests="1" name="testCases.IndulekhaCheckoutFromPDP" time="46.723" errors="0" timestamp="2024-08-27T13:27:32 IST" skipped="0">
  <testcase classname="testCases.IndulekhaCheckoutFromPDP" name="verifyCheckoutFlowFromPDPPage" time="46.723"/>
  <system-out/>
</testsuite> <!-- testCases.IndulekhaCheckoutFromPDP -->
