<?xml version="1.0" encoding="UTF-8"?>
<!-- Generated by org.testng.reporters.JUnitReportReporter -->
<testsuite hostname="IN3208497W1" failures="0" tests="1" name="testCases.checkingJava" time="18.964" errors="0" timestamp="2023-11-02T12:47:35 IST" skipped="0">
  <testcase classname="testCases.checkingJava" name="checkingJavaImp" time="18.964"/>
  <system-out/>
</testsuite> <!-- testCases.checkingJava -->
