<?xml version="1.0" encoding="UTF-8"?>
<!-- Generated by org.testng.reporters.JUnitReportReporter -->
<testsuite hostname="IN3208497W1" failures="0" tests="1" name="testCases.dateChecking" time="117.635" errors="0" timestamp="2024-01-03T12:19:03 IST" skipped="0">
  <testcase classname="testCases.dateChecking" name="checkDate" time="117.635"/>
  <system-out/>
</testsuite> <!-- testCases.dateChecking -->
