<?xml version="1.0" encoding="UTF-8"?>
<!-- Generated by org.testng.reporters.JUnitReportReporter -->
<testsuite hostname="IN3208497W1" failures="0" tests="1" name="testCases.FirstTC" time="116.719" errors="0" timestamp="2023-10-31T11:17:14 IST" skipped="0">
  <testcase classname="testCases.FirstTC" name="testingTC" time="116.719"/>
  <system-out/>
</testsuite> <!-- testCases.FirstTC -->
