<?xml version="1.0" encoding="UTF-8"?>
<!-- Generated by org.testng.reporters.JUnitReportReporter -->
<testsuite hostname="IN3208497W1" failures="0" tests="1" name="testCases.offerVerification" time="46.292" errors="0" timestamp="2024-08-04T20:09:07 IST" skipped="0">
  <testcase classname="testCases.offerVerification" name="verifyOffer" time="46.292"/>
</testsuite> <!-- testCases.offerVerification -->
